[0.458s] Invoking command in '/home/giselle/ros2_ws/src/my_robot_controller': PYTHONPATH=/home/giselle/ros2_ws/build/my_robot_controller/prefix_override:/usr/lib/python3/dist-packages/colcon_core/task/python/colcon_distutils_commands:/home/giselle/ros2_ws/install/my_robot_controller/lib/python3.10/site-packages:${PYTHONPATH} /usr/bin/python3 -W ignore:setup.py install is deprecated -W ignore:easy_install command is deprecated setup.py egg_info --egg-base ../../build/my_robot_controller build --build-base /home/giselle/ros2_ws/build/my_robot_controller/build install --record /home/giselle/ros2_ws/build/my_robot_controller/install.log --single-version-externally-managed install_data
[0.605s] running egg_info
[0.606s] creating ../../build/my_robot_controller/my_robot_controller.egg-info
[0.606s] writing ../../build/my_robot_controller/my_robot_controller.egg-info/PKG-INFO
[0.606s] writing dependency_links to ../../build/my_robot_controller/my_robot_controller.egg-info/dependency_links.txt
[0.606s] writing entry points to ../../build/my_robot_controller/my_robot_controller.egg-info/entry_points.txt
[0.606s] writing requirements to ../../build/my_robot_controller/my_robot_controller.egg-info/requires.txt
[0.606s] writing top-level names to ../../build/my_robot_controller/my_robot_controller.egg-info/top_level.txt
[0.607s] writing manifest file '../../build/my_robot_controller/my_robot_controller.egg-info/SOURCES.txt'
[0.607s] reading manifest file '../../build/my_robot_controller/my_robot_controller.egg-info/SOURCES.txt'
[0.608s] writing manifest file '../../build/my_robot_controller/my_robot_controller.egg-info/SOURCES.txt'
[0.608s] running build
[0.608s] running build_py
[0.609s] creating /home/giselle/ros2_ws/build/my_robot_controller/build
[0.609s] creating /home/giselle/ros2_ws/build/my_robot_controller/build/lib
[0.609s] creating /home/giselle/ros2_ws/build/my_robot_controller/build/lib/my_robot_controller
[0.609s] copying my_robot_controller/__init__.py -> /home/giselle/ros2_ws/build/my_robot_controller/build/lib/my_robot_controller
[0.610s] running install
[0.610s] running install_lib
[0.611s] creating /home/giselle/ros2_ws/install/my_robot_controller/lib/python3.10/site-packages/my_robot_controller
[0.611s] copying /home/giselle/ros2_ws/build/my_robot_controller/build/lib/my_robot_controller/__init__.py -> /home/giselle/ros2_ws/install/my_robot_controller/lib/python3.10/site-packages/my_robot_controller
[0.612s] byte-compiling /home/giselle/ros2_ws/install/my_robot_controller/lib/python3.10/site-packages/my_robot_controller/__init__.py to __init__.cpython-310.pyc
[0.614s] running install_data
[0.614s] creating /home/giselle/ros2_ws/install/my_robot_controller/share/ament_index
[0.614s] creating /home/giselle/ros2_ws/install/my_robot_controller/share/ament_index/resource_index
[0.614s] creating /home/giselle/ros2_ws/install/my_robot_controller/share/ament_index/resource_index/packages
[0.614s] copying resource/my_robot_controller -> /home/giselle/ros2_ws/install/my_robot_controller/share/ament_index/resource_index/packages
[0.614s] copying package.xml -> /home/giselle/ros2_ws/install/my_robot_controller/share/my_robot_controller
[0.614s] running install_egg_info
[0.615s] Copying ../../build/my_robot_controller/my_robot_controller.egg-info to /home/giselle/ros2_ws/install/my_robot_controller/lib/python3.10/site-packages/my_robot_controller-0.0.0-py3.10.egg-info
[0.615s] running install_scripts
[0.631s] writing list of installed files to '/home/giselle/ros2_ws/build/my_robot_controller/install.log'
[0.646s] Invoked command in '/home/giselle/ros2_ws/src/my_robot_controller' returned '0': PYTHONPATH=/home/giselle/ros2_ws/build/my_robot_controller/prefix_override:/usr/lib/python3/dist-packages/colcon_core/task/python/colcon_distutils_commands:/home/giselle/ros2_ws/install/my_robot_controller/lib/python3.10/site-packages:${PYTHONPATH} /usr/bin/python3 -W ignore:setup.py install is deprecated -W ignore:easy_install command is deprecated setup.py egg_info --egg-base ../../build/my_robot_controller build --build-base /home/giselle/ros2_ws/build/my_robot_controller/build install --record /home/giselle/ros2_ws/build/my_robot_controller/install.log --single-version-externally-managed install_data
